<?xml version="1.0" encoding="UTF-8"?>
<testsuite name="CoffeeMachineTest" tests="1" skipped="0" failures="0" errors="0" timestamp="2019-09-19T21:45:22" hostname="solus-desktop" time="0.014">
  <properties/>
  <testcase name="start" classname="CoffeeMachineTest" time="0.014"/>
  <system-out><![CDATA[Starting to make a coffee
Grinding coffee beans
Boiling water
Mixing boiled water with crushed coffee beans
Pouring coffee into the cup
Pouring some milk into the cup
Coffee is ready!
]]></system-out>
  <system-err><![CDATA[Start test 1
]]></system-err>
</testsuite>
